<?xml version="1.0" encoding="UTF-8"?>
<!-- Generated by org.testng.reporters.JUnitReportReporter -->
<testsuite hostname="HMS-DT-N-9" name="com.hotelogix.smoke.FrontdeskTest.FrontdeskTest" tests="1" failures="0" timestamp="22 Dec 2024 19:09:05 GMT" time="412.141" errors="0">
  <testcase name="fn_verifyRtClkCheckoutInSingleReserv" time="412.141" classname="com.hotelogix.smoke.FrontdeskTest.FrontdeskTest"/>
</testsuite> <!-- com.hotelogix.smoke.FrontdeskTest.FrontdeskTest -->
