<?xml version="1.0" encoding="UTF-8"?>
<!-- Generated by org.testng.reporters.JUnitReportReporter -->
<testsuite hostname="HMS-Barkha-QA" name="com.hotelogix.smoke.AdminTest.AdminTest" tests="1" failures="0" timestamp="7 Feb 2019 09:00:06 GMT" time="165.953" errors="0">
  <testcase name="TC_114" time="165.953" classname="com.hotelogix.smoke.AdminTest.AdminTest"/>
</testsuite> <!-- com.hotelogix.smoke.AdminTest.AdminTest -->
